This is pdfTeX, Version 3.141592653-2.6-1.40.24 (MiKTeX 22.1) (preloaded format=pdflatex 2024.8.8)  8 AUG 2024 17:46
entering extended mode
 restricted \write18 enabled.
 file:line:error style messages enabled.
 %&-line parsing enabled.
**./main.tex
(main.tex
LaTeX2e <2023-06-01> patch level 1
L3 programming layer <2023-08-29>

(/Users/deletosh/Library/Application Support/MiKTeX/texmfs/install/tex/latex/ba
se/book.cls
Document Class: book 2023/05/17 v1.4n Standard LaTeX document class

(/Users/deletosh/Library/Application Support/MiKTeX/texmfs/install/tex/latex/ba
se/bk12.clo
File: bk12.clo 2023/05/17 v1.4n Standard LaTeX file (size option)
)
\c@part=\count185
\c@chapter=\count186
\c@section=\count187
\c@subsection=\count188
\c@subsubsection=\count189
\c@paragraph=\count190
\c@subparagraph=\count191
\c@figure=\count192
\c@table=\count193
\abovecaptionskip=\skip48
\belowcaptionskip=\skip49
\bibindent=\dimen140
)
(/Users/deletosh/Library/Application Support/MiKTeX/texmfs/install/tex/latex/fa
ncyhdr/fancyhdr.sty
Package: fancyhdr 2024/07/23 v4.3.1 Extensive control of page headers and foote
rs
\f@nch@headwidth=\skip50
\f@nch@O@elh=\skip51
\f@nch@O@erh=\skip52
\f@nch@O@olh=\skip53
\f@nch@O@orh=\skip54
\f@nch@O@elf=\skip55
\f@nch@O@erf=\skip56
\f@nch@O@olf=\skip57
\f@nch@O@orf=\skip58
)
(/Users/deletosh/Library/Application Support/MiKTeX/texmfs/install/tex/latex/li
psum/lipsum.sty
(/Users/deletosh/Library/Application Support/MiKTeX/texmfs/install/tex/latex/l3
packages/l3keys2e/l3keys2e.sty
(/Users/deletosh/Library/Application Support/MiKTeX/texmfs/install/tex/latex/l3
kernel/expl3.sty
Package: expl3 2023-08-29 L3 programming layer (loader) 

(/Users/deletosh/Library/Application Support/MiKTeX/texmfs/install/tex/latex/l3
backend/l3backend-pdftex.def
File: l3backend-pdftex.def 2023-04-19 L3 backend support: PDF output (pdfTeX)
\l__color_backend_stack_int=\count194
\l__pdf_internal_box=\box51
))
Package: l3keys2e 2023-08-29 LaTeX2e option processing using LaTeX3 keys
)
Package: lipsum 2021-09-20 v2.7 150 paragraphs of Lorem Ipsum dummy text
\g__lipsum_par_int=\count195
\l__lipsum_a_int=\count196
\l__lipsum_b_int=\count197

(/Users/deletosh/Library/Application Support/MiKTeX/texmfs/install/tex/latex/li
psum/lipsum.ltd.tex))
(/Users/deletosh/Library/Application Support/MiKTeX/texmfs/install/tex/latex/ti
tlesec/titlesec.sty
Package: titlesec 2023/10/27 v2.16 Sectioning titles
\ttl@box=\box52
\beforetitleunit=\skip59
\aftertitleunit=\skip60
\ttl@plus=\dimen141
\ttl@minus=\dimen142
\ttl@toksa=\toks17
\titlewidth=\dimen143
\titlewidthlast=\dimen144
\titlewidthfirst=\dimen145
)
(/Users/deletosh/Library/Application Support/MiKTeX/texmfs/install/tex/latex/bo
oktabs/booktabs.sty
Package: booktabs 2020/01/12 v1.61803398 Publication quality tables
\heavyrulewidth=\dimen146
\lightrulewidth=\dimen147
\cmidrulewidth=\dimen148
\belowrulesep=\dimen149
\belowbottomsep=\dimen150
\aboverulesep=\dimen151
\abovetopsep=\dimen152
\cmidrulesep=\dimen153
\cmidrulekern=\dimen154
\defaultaddspace=\dimen155
\@cmidla=\count198
\@cmidlb=\count199
\@aboverulesep=\dimen156
\@belowrulesep=\dimen157
\@thisruleclass=\count266
\@lastruleclass=\count267
\@thisrulewidth=\dimen158
)
(/Users/deletosh/Library/Application Support/MiKTeX/texmfs/install/tex/latex/aw
esomebox/awesomebox.sty
Package: awesomebox 2019/07/27 v0.6

(/Users/deletosh/Library/Application Support/MiKTeX/texmfs/install/tex/latex/fo
ntawesome5/fontawesome5.sty
Package: fontawesome5 2022/05/02 v5.15.4 Font Awesome 5

(/Users/deletosh/Library/Application Support/MiKTeX/texmfs/install/tex/latex/l3
packages/xparse/xparse.sty
Package: xparse 2023-08-29 L3 Experimental document command parser
)
(/Users/deletosh/Library/Application Support/MiKTeX/texmfs/install/tex/latex/fo
ntawesome5/fontawesome5-generic-helper.sty
Package: fontawesome5-generic-helper 2022/05/02 v5.15.4 non-uTeX helper for fon
tawesome5

(/Users/deletosh/Library/Application Support/MiKTeX/texmfs/install/tex/latex/fo
ntawesome5/fontawesome5-mapping.def)))
(/Users/deletosh/Library/Application Support/MiKTeX/texmfs/install/tex/latex/xc
olor/xcolor.sty
Package: xcolor 2022/06/12 v2.14 LaTeX color extensions (UK)

(/Users/deletosh/Library/Application Support/MiKTeX/texmfs/install/tex/latex/gr
aphics-cfg/color.cfg
File: color.cfg 2016/01/02 v1.6 sample color configuration
)
Package xcolor Info: Driver file: pdftex.def on input line 227.

(/Users/deletosh/Library/Application Support/MiKTeX/texmfs/install/tex/latex/gr
aphics-def/pdftex.def
File: pdftex.def 2022/09/22 v1.2b Graphics/color driver for pdftex
)
(/Users/deletosh/Library/Application Support/MiKTeX/texmfs/install/tex/latex/gr
aphics/mathcolor.ltx)
Package xcolor Info: Model `cmy' substituted by `cmy0' on input line 1353.
Package xcolor Info: Model `hsb' substituted by `rgb' on input line 1357.
Package xcolor Info: Model `RGB' extended on input line 1369.
Package xcolor Info: Model `HTML' substituted by `rgb' on input line 1371.
Package xcolor Info: Model `Hsb' substituted by `hsb' on input line 1372.
Package xcolor Info: Model `tHsb' substituted by `hsb' on input line 1373.
Package xcolor Info: Model `HSB' substituted by `hsb' on input line 1374.
Package xcolor Info: Model `Gray' substituted by `gray' on input line 1375.
Package xcolor Info: Model `wave' substituted by `hsb' on input line 1376.
)
\aweboxleftmargin=\skip61
\aweboxcontentwidth=\skip62
\aweboxvskip=\skip63
\aweboxsignraise=\skip64
\aweboxrulewidth=\skip65

(/Users/deletosh/Library/Application Support/MiKTeX/texmfs/install/tex/latex/to
ols/array.sty
Package: array 2022/09/04 v2.5g Tabular extension package (FMi)
\col@sep=\dimen159
\ar@mcellbox=\box53
\extrarowheight=\dimen160
\NC@list=\toks18
\extratabsurround=\skip66
\backup@length=\skip67
\ar@cellbox=\box54
)
(/Users/deletosh/Library/Application Support/MiKTeX/texmfs/install/tex/latex/ba
se/ifthen.sty
Package: ifthen 2022/04/13 v1.1d Standard LaTeX ifthen package (DPC)
)
\aweboxlinewidthvar=\skip68
\aweboxlinewidthref=\skip69
)
(/Users/deletosh/Library/Application Support/MiKTeX/texmfs/install/tex/latex/gr
aphics/graphicx.sty
Package: graphicx 2021/09/16 v1.2d Enhanced LaTeX Graphics (DPC,SPQR)

(/Users/deletosh/Library/Application Support/MiKTeX/texmfs/install/tex/latex/gr
aphics/keyval.sty
Package: keyval 2022/05/29 v1.15 key=value parser (DPC)
\KV@toks@=\toks19
)
(/Users/deletosh/Library/Application Support/MiKTeX/texmfs/install/tex/latex/gr
aphics/graphics.sty
Package: graphics 2022/03/10 v1.4e Standard LaTeX Graphics (DPC,SPQR)

(/Users/deletosh/Library/Application Support/MiKTeX/texmfs/install/tex/latex/gr
aphics/trig.sty
Package: trig 2021/08/11 v1.11 sin cos tan (DPC)
)
(/Users/deletosh/Library/Application Support/MiKTeX/texmfs/install/tex/latex/gr
aphics-cfg/graphics.cfg
File: graphics.cfg 2016/06/04 v1.11 sample graphics configuration
)
Package graphics Info: Driver file: pdftex.def on input line 107.
)
\Gin@req@height=\dimen161
\Gin@req@width=\dimen162
)
(/Users/deletosh/Library/Application Support/MiKTeX/texmfs/install/tex/latex/hy
perref/hyperref.sty
Package: hyperref 2023-07-08 v7.01b Hypertext links for LaTeX

(/Users/deletosh/Library/Application Support/MiKTeX/texmfs/install/tex/generic/
ltxcmds/ltxcmds.sty
Package: ltxcmds 2020-05-10 v1.25 LaTeX kernel commands for general use (HO)
)
(/Users/deletosh/Library/Application Support/MiKTeX/texmfs/install/tex/generic/
iftex/iftex.sty
Package: iftex 2022/02/03 v1.0f TeX engine tests
)
(/Users/deletosh/Library/Application Support/MiKTeX/texmfs/install/tex/generic/
pdftexcmds/pdftexcmds.sty
Package: pdftexcmds 2020-06-27 v0.33 Utility functions of pdfTeX for LuaTeX (HO
)

(/Users/deletosh/Library/Application Support/MiKTeX/texmfs/install/tex/generic/
infwarerr/infwarerr.sty
Package: infwarerr 2019/12/03 v1.5 Providing info/warning/error messages (HO)
)
Package pdftexcmds Info: \pdf@primitive is available.
Package pdftexcmds Info: \pdf@ifprimitive is available.
Package pdftexcmds Info: \pdfdraftmode found.
)
(/Users/deletosh/Library/Application Support/MiKTeX/texmfs/install/tex/latex/kv
setkeys/kvsetkeys.sty
Package: kvsetkeys 2022-10-05 v1.19 Key value parser (HO)
)
(/Users/deletosh/Library/Application Support/MiKTeX/texmfs/install/tex/generic/
kvdefinekeys/kvdefinekeys.sty
Package: kvdefinekeys 2019-12-19 v1.6 Define keys (HO)
)
(/Users/deletosh/Library/Application Support/MiKTeX/texmfs/install/tex/generic/
pdfescape/pdfescape.sty
Package: pdfescape 2019/12/09 v1.15 Implements pdfTeX's escape features (HO)
)
(/Users/deletosh/Library/Application Support/MiKTeX/texmfs/install/tex/latex/hy
color/hycolor.sty
Package: hycolor 2020-01-27 v1.10 Color options for hyperref/bookmark (HO)
)
(/Users/deletosh/Library/Application Support/MiKTeX/texmfs/install/tex/latex/le
tltxmacro/letltxmacro.sty
Package: letltxmacro 2019/12/03 v1.6 Let assignment for LaTeX macros (HO)
)
(/Users/deletosh/Library/Application Support/MiKTeX/texmfs/install/tex/latex/au
xhook/auxhook.sty
Package: auxhook 2019-12-17 v1.6 Hooks for auxiliary files (HO)
)
(/Users/deletosh/Library/Application Support/MiKTeX/texmfs/install/tex/latex/hy
perref/nameref.sty
Package: nameref 2023-08-07 v2.53 Cross-referencing by name of section

(/Users/deletosh/Library/Application Support/MiKTeX/texmfs/install/tex/latex/re
fcount/refcount.sty
Package: refcount 2019/12/15 v3.6 Data extraction from label references (HO)
)
(/Users/deletosh/Library/Application Support/MiKTeX/texmfs/install/tex/generic/
gettitlestring/gettitlestring.sty
Package: gettitlestring 2019/12/15 v1.6 Cleanup title references (HO)

(/Users/deletosh/Library/Application Support/MiKTeX/texmfs/install/tex/latex/kv
options/kvoptions.sty
Package: kvoptions 2022-06-15 v3.15 Key value format for package options (HO)
))
\c@section@level=\count268
)
(/Users/deletosh/Library/Application Support/MiKTeX/texmfs/install/tex/latex/et
oolbox/etoolbox.sty
Package: etoolbox 2020/10/05 v2.5k e-TeX tools for LaTeX (JAW)
\etb@tempcnta=\count269
)
\@linkdim=\dimen163
\Hy@linkcounter=\count270
\Hy@pagecounter=\count271

(/Users/deletosh/Library/Application Support/MiKTeX/texmfs/install/tex/latex/hy
perref/pd1enc.def
File: pd1enc.def 2023-07-08 v7.01b Hyperref: PDFDocEncoding definition (HO)
Now handling font encoding PD1 ...
... no UTF-8 mapping file for font encoding PD1
)
(/Users/deletosh/Library/Application Support/MiKTeX/texmfs/install/tex/generic/
intcalc/intcalc.sty
Package: intcalc 2019/12/15 v1.3 Expandable calculations with integers (HO)
)
\Hy@SavedSpaceFactor=\count272

(/Users/deletosh/Library/Application Support/MiKTeX/texmfs/install/tex/latex/hy
perref/puenc.def
File: puenc.def 2023-07-08 v7.01b Hyperref: PDF Unicode definition (HO)
Now handling font encoding PU ...
... no UTF-8 mapping file for font encoding PU
)
Package hyperref Info: Hyper figures OFF on input line 4167.
Package hyperref Info: Link nesting OFF on input line 4172.
Package hyperref Info: Hyper index ON on input line 4175.
Package hyperref Info: Plain pages OFF on input line 4182.
Package hyperref Info: Backreferencing OFF on input line 4187.
Package hyperref Info: Implicit mode ON; LaTeX internals redefined.
Package hyperref Info: Bookmarks ON on input line 4434.
\c@Hy@tempcnt=\count273

(/Users/deletosh/Library/Application Support/MiKTeX/texmfs/install/tex/latex/ur
l/url.sty
\Urlmuskip=\muskip16
Package: url 2013/09/16  ver 3.4  Verb mode for urls, etc.
)
LaTeX Info: Redefining \url on input line 4772.
\XeTeXLinkMargin=\dimen164

(/Users/deletosh/Library/Application Support/MiKTeX/texmfs/install/tex/generic/
bitset/bitset.sty
Package: bitset 2019/12/09 v1.3 Handle bit-vector datatype (HO)

(/Users/deletosh/Library/Application Support/MiKTeX/texmfs/install/tex/generic/
bigintcalc/bigintcalc.sty
Package: bigintcalc 2019/12/15 v1.5 Expandable calculations on big integers (HO
)
))
\Fld@menulength=\count274
\Field@Width=\dimen165
\Fld@charsize=\dimen166
Package hyperref Info: Hyper figures OFF on input line 6051.
Package hyperref Info: Link nesting OFF on input line 6056.
Package hyperref Info: Hyper index ON on input line 6059.
Package hyperref Info: backreferencing OFF on input line 6066.
Package hyperref Info: Link coloring OFF on input line 6071.
Package hyperref Info: Link coloring with OCG OFF on input line 6076.
Package hyperref Info: PDF/A mode OFF on input line 6081.

(/Users/deletosh/Library/Application Support/MiKTeX/texmfs/install/tex/latex/ba
se/atbegshi-ltx.sty
Package: atbegshi-ltx 2021/01/10 v1.0c Emulation of the original atbegshi
package with kernel methods
)
\Hy@abspage=\count275
\c@Item=\count276
\c@Hfootnote=\count277
)
Package hyperref Info: Driver (autodetected): hpdftex.

(/Users/deletosh/Library/Application Support/MiKTeX/texmfs/install/tex/latex/hy
perref/hpdftex.def
File: hpdftex.def 2023-07-08 v7.01b Hyperref driver for pdfTeX

(/Users/deletosh/Library/Application Support/MiKTeX/texmfs/install/tex/latex/ba
se/atveryend-ltx.sty
Package: atveryend-ltx 2020/08/19 v1.0a Emulation of the original atveryend pac
kage
with kernel methods
)
\Fld@listcount=\count278
\c@bookmark@seq@number=\count279

(/Users/deletosh/Library/Application Support/MiKTeX/texmfs/install/tex/latex/re
runfilecheck/rerunfilecheck.sty
Package: rerunfilecheck 2022-07-10 v1.10 Rerun checks for auxiliary files (HO)

(/Users/deletosh/Library/Application Support/MiKTeX/texmfs/install/tex/generic/
uniquecounter/uniquecounter.sty
Package: uniquecounter 2019/12/15 v1.4 Provide unlimited unique counter (HO)
)
Package uniquecounter Info: New unique counter `rerunfilecheck' on input line 2
85.
)
\Hy@SectionHShift=\skip70
)
(/Users/deletosh/Library/Application Support/MiKTeX/texmfs/install/tex/latex/li
stings/listings.sty
\lst@mode=\count280
\lst@gtempboxa=\box55
\lst@token=\toks20
\lst@length=\count281
\lst@currlwidth=\dimen167
\lst@column=\count282
\lst@pos=\count283
\lst@lostspace=\dimen168
\lst@width=\dimen169
\lst@newlines=\count284
\lst@lineno=\count285
\lst@maxwidth=\dimen170

(/Users/deletosh/Library/Application Support/MiKTeX/texmfs/install/tex/latex/li
stings/lstmisc.sty
File: lstmisc.sty 2023/02/27 1.9 (Carsten Heinz)
\c@lstnumber=\count286
\lst@skipnumbers=\count287
\lst@framebox=\box56
)
(/Users/deletosh/Library/Application Support/MiKTeX/texmfs/install/tex/latex/li
stings/listings.cfg
File: listings.cfg 2023/02/27 1.9 listings configuration
))
Package: listings 2023/02/27 1.9 (Carsten Heinz)

(/Users/deletosh/Library/Application Support/MiKTeX/texmfs/install/tex/latex/ad
justbox/adjustbox.sty
Package: adjustbox 2022/10/17 v1.3a Adjusting TeX boxes (trim, clip, ...)

(/Users/deletosh/Library/Application Support/MiKTeX/texmfs/install/tex/latex/xk
eyval/xkeyval.sty
Package: xkeyval 2022/06/16 v2.9 package option processing (HA)

(/Users/deletosh/Library/Application Support/MiKTeX/texmfs/install/tex/generic/
xkeyval/xkeyval.tex
(/Users/deletosh/Library/Application Support/MiKTeX/texmfs/install/tex/generic/
xkeyval/xkvutils.tex
\XKV@toks=\toks21
\XKV@tempa@toks=\toks22
)
\XKV@depth=\count288
File: xkeyval.tex 2014/12/03 v2.7a key=value parser (HA)
))
(/Users/deletosh/Library/Application Support/MiKTeX/texmfs/install/tex/latex/ad
justbox/adjcalc.sty
Package: adjcalc 2012/05/16 v1.1 Provides advanced setlength with multiple back
-ends (calc, etex, pgfmath)
)
(/Users/deletosh/Library/Application Support/MiKTeX/texmfs/install/tex/latex/ad
justbox/trimclip.sty
Package: trimclip 2020/08/19 v1.2 Trim and clip general TeX material

(/Users/deletosh/Library/Application Support/MiKTeX/texmfs/install/tex/latex/co
llectbox/collectbox.sty
Package: collectbox 2022/10/17 v0.4c Collect macro arguments as boxes
\collectedbox=\box57
)
\tc@llx=\dimen171
\tc@lly=\dimen172
\tc@urx=\dimen173
\tc@ury=\dimen174
Package trimclip Info: Using driver 'tc-pdftex.def'.

(/Users/deletosh/Library/Application Support/MiKTeX/texmfs/install/tex/latex/ad
justbox/tc-pdftex.def
File: tc-pdftex.def 2019/01/04 v2.2 Clipping driver for pdftex
))
\adjbox@Width=\dimen175
\adjbox@Height=\dimen176
\adjbox@Depth=\dimen177
\adjbox@Totalheight=\dimen178
\adjbox@pwidth=\dimen179
\adjbox@pheight=\dimen180
\adjbox@pdepth=\dimen181
\adjbox@ptotalheight=\dimen182

(/Users/deletosh/Library/Application Support/MiKTeX/texmfs/install/tex/latex/if
oddpage/ifoddpage.sty
Package: ifoddpage 2022/10/18 v1.2 Conditionals for odd/even page detection
\c@checkoddpage=\count289
)
(/Users/deletosh/Library/Application Support/MiKTeX/texmfs/install/tex/latex/va
rwidth/varwidth.sty
Package: varwidth 2009/03/30 ver 0.92;  Variable-width minipages
\@vwid@box=\box58
\sift@deathcycles=\count290
\@vwid@loff=\dimen183
\@vwid@roff=\dimen184
))
(/Users/deletosh/@Projects/book-ITConsultantHandbook/out/main.aux
(/Users/deletosh/@Projects/book-ITConsultantHandbook/out/chapters/00-introducti
on.aux)
(/Users/deletosh/@Projects/book-ITConsultantHandbook/out/chapters/01-automation
-fundamental.aux))
\openout1 = `main.aux'.

LaTeX Font Info:    Checking defaults for OML/cmm/m/it on input line 27.
LaTeX Font Info:    ... okay on input line 27.
LaTeX Font Info:    Checking defaults for OMS/cmsy/m/n on input line 27.
LaTeX Font Info:    ... okay on input line 27.
LaTeX Font Info:    Checking defaults for OT1/cmr/m/n on input line 27.
LaTeX Font Info:    ... okay on input line 27.
LaTeX Font Info:    Checking defaults for T1/cmr/m/n on input line 27.
LaTeX Font Info:    ... okay on input line 27.
LaTeX Font Info:    Checking defaults for TS1/cmr/m/n on input line 27.
LaTeX Font Info:    ... okay on input line 27.
LaTeX Font Info:    Checking defaults for OMX/cmex/m/n on input line 27.
LaTeX Font Info:    ... okay on input line 27.
LaTeX Font Info:    Checking defaults for U/cmr/m/n on input line 27.
LaTeX Font Info:    ... okay on input line 27.
LaTeX Font Info:    Checking defaults for PD1/pdf/m/n on input line 27.
LaTeX Font Info:    ... okay on input line 27.
LaTeX Font Info:    Checking defaults for PU/pdf/m/n on input line 27.
LaTeX Font Info:    ... okay on input line 27.

(/Users/deletosh/Library/Application Support/MiKTeX/texmfs/install/tex/context/
base/mkii/supp-pdf.mkii
[Loading MPS to PDF converter (version 2006.09.02).]
\scratchcounter=\count291
\scratchdimen=\dimen185
\scratchbox=\box59
\nofMPsegments=\count292
\nofMParguments=\count293
\everyMPshowfont=\toks23
\MPscratchCnt=\count294
\MPscratchDim=\dimen186
\MPnumerator=\count295
\makeMPintoPDFobject=\count296
\everyMPtoPDFconversion=\toks24
)
(/Users/deletosh/Library/Application Support/MiKTeX/texmfs/install/tex/latex/ep
stopdf-pkg/epstopdf-base.sty
Package: epstopdf-base 2020-01-24 v2.11 Base part for package epstopdf
Package epstopdf-base Info: Redefining graphics rule for `.eps' on input line 4
85.

(/Users/deletosh/Library/Application Support/MiKTeX/texmfs/install/tex/latex/00
miktex/epstopdf-sys.cfg
File: epstopdf-sys.cfg 2021/03/18 v2.0 Configuration of epstopdf for MiKTeX
))
Package hyperref Info: Link coloring OFF on input line 27.

(/Users/deletosh/@Projects/book-ITConsultantHandbook/out/main.out)
(/Users/deletosh/@Projects/book-ITConsultantHandbook/out/main.out)
\@outlinefile=\write3
\openout3 = `main.out'.

\c@lstlisting=\count297
LaTeX Font Info:    External font `cmex10' loaded for size
(Font)              <14.4> on input line 30.
LaTeX Font Info:    External font `cmex10' loaded for size
(Font)              <7> on input line 30.
 [1



{/Users/deletosh/Library/Application Support/MiKTeX/texmfs/data/fonts/map/pdfte
x/pdftex.map}] [2

] (/Users/deletosh/@Projects/book-ITConsultantHandbook/out/main.toc
LaTeX Font Info:    External font `cmex10' loaded for size
(Font)              <12> on input line 1.
LaTeX Font Info:    External font `cmex10' loaded for size
(Font)              <8> on input line 1.
LaTeX Font Info:    External font `cmex10' loaded for size
(Font)              <6> on input line 1.
)
\tf@toc=\write4
\openout4 = `main.toc'.


[3] [4

] (/Users/deletosh/@Projects/book-ITConsultantHandbook/out/main.lof)
\tf@lof=\write5
\openout5 = `main.lof'.


[5] [6

]
\openout2 = `chapters/00-introduction.aux'.

 (chapters/00-introduction.tex [1


]
Overfull \hbox (15.09589pt too wide) in paragraph at lines 34--35
[]\OT1/cmr/m/n/12 Integrate cutting-edge technologies like generative AI and cl
oud computing
 []

) [2]
\openout2 = `chapters/01-automation-fundamental.aux'.

 (chapters/01-automation-fundamental.tex
Chapter 1.

Overfull \hbox (27.14578pt too wide) in paragraph at lines 9--9
|[]\OT1/cmr/bx/n/17.28 Quick Win: AI-Powered Email Classification
 []

[3




]
Overfull \hbox (71.68973pt too wide) in paragraph at lines 39--39
|[]\OT1/cmr/bx/n/17.28 Setting Up Your Secure Automation Environment| 
 []


(/Users/deletosh/Library/Application Support/MiKTeX/texmfs/install/tex/latex/li
stings/lstlang1.sty
File: lstlang1.sty 2023/02/27 1.9 listings language file
)
(/Users/deletosh/Library/Application Support/MiKTeX/texmfs/install/tex/latex/li
stings/lstlang1.sty
File: lstlang1.sty 2023/02/27 1.9 listings language file
)
LaTeX Font Info:    Trying to load font information for OMS+cmr on input line 5
6.

(/Users/deletosh/Library/Application Support/MiKTeX/texmfs/install/tex/latex/ba
se/omscmr.fd
File: omscmr.fd 2023/04/13 v2.5m Standard LaTeX font definitions
)
LaTeX Font Info:    Font shape `OMS/cmr/m/n' in size <12> not available
(Font)              Font shape `OMS/cmsy/m/n' tried instead on input line 56.
 [4]
<./figures/01-n8n-startscreen.png, id=150, 1021.8175pt x 906.38625pt>
File: ./figures/01-n8n-startscreen.png Graphic file (type png)
<use ./figures/01-n8n-startscreen.png>
Package pdftex.def Info: ./figures/01-n8n-startscreen.png  used on input line 6
6.
(pdftex.def)             Requested size: 360.6253pt x 319.88153pt.

Overfull \hbox (7.70284pt too wide) in paragraph at lines 62--70
[]\OT1/cmr/m/n/12 Open your browser and navigate to []$\OT1/cmtt/m/n/12 http : 
/ / localhost : 5678$[]\OT1/cmr/m/n/12 , you should
 []

LaTeX Font Info:    Trying to load font information for U+fontawesomefree1 on i
nput line 74.

(/Users/deletosh/Library/Application Support/MiKTeX/texmfs/install/tex/latex/fo
ntawesome5/ufontawesomefree1.fd)
Overfull \hbox (28.46577pt too wide) in paragraph at lines 77--77
|[]\OT1/cmr/bx/n/17.28 Creating Your Email Classification Workflow| 
 []

[5 <./figures/01-n8n-startscreen.png>]
<./figures/01-n8n-rename-workflow.png, id=168, 683.55376pt x 324.21124pt>
File: ./figures/01-n8n-rename-workflow.png Graphic file (type png)
<use ./figures/01-n8n-rename-workflow.png>
Package pdftex.def Info: ./figures/01-n8n-rename-workflow.png  used on input li
ne 87.
(pdftex.def)             Requested size: 360.6253pt x 171.0495pt.
<./figures/01-n8n-gmail-oauth-config.png, id=169, 1067.99pt x 750.805pt>
File: ./figures/01-n8n-gmail-oauth-config.png Graphic file (type png)
<use ./figures/01-n8n-gmail-oauth-config.png>
Package pdftex.def Info: ./figures/01-n8n-gmail-oauth-config.png  used on input
 line 104.
(pdftex.def)             Requested size: 373.80211pt x 262.78568pt.


LaTeX Warning: `h' float specifier changed to `ht'.

[6 <./figures/01-n8n-rename-workflow.png>]

chapters/01-automation-fundamental.tex:129: LaTeX Error: There's no line here t
o end.

See the LaTeX manual or LaTeX Companion for explanation.
Type  H <return>  for immediate help.
 ...                                              
                                                  
l.129         \item \newline
                            
Your command was ignored.
Type  I <command> <return>  to replace it with another command,
or  <return>  to continue without it.


Overfull \hbox (3.63893pt too wide) in paragraph at lines 130--132
\OT1/cmr/m/n/12 Urgent client issue, Project update, New business inquiry, Invo
icing
 []


Overfull \hbox (24.59969pt too wide) in paragraph at lines 130--132
\OT1/cmr/m/n/12 and payment, Administrative task. Email content: \OMS/cmsy/m/n/
12 ff\TS1/cmr/m/n/12 $\OT1/cmr/m/n/12 json["body"]\OMS/cmsy/m/n/12 gg\OT1/cmr/m
/n/12 " 
 []

[7 <./figures/01-n8n-gmail-oauth-config.png>]
Overfull \hbox (6.132pt too wide) in paragraph at lines 177--178
[]\OT1/cmr/m/n/12 By reclaiming 7.5 hours each week, Sarah was able to take on 
two additional
 []

[8]) [9] (/Users/deletosh/@Projects/book-ITConsultantHandbook/out/main.aux
(/Users/deletosh/@Projects/book-ITConsultantHandbook/out/chapters/00-introducti
on.aux)
(/Users/deletosh/@Projects/book-ITConsultantHandbook/out/chapters/01-automation
-fundamental.aux))
 ***********
LaTeX2e <2023-06-01> patch level 1
L3 programming layer <2023-08-29>
 ***********
Package rerunfilecheck Info: File `main.out' has not changed.
(rerunfilecheck)             Checksum: AC471F355C7D28BF1061919668C9D430;3496.
 ) 
Here is how much of TeX's memory you used:
 16168 strings out of 477182
 281538 string characters out of 2807201
 1928791 words of memory out of 3000000
 37169 multiletter control sequences out of 15000+600000
 564654 words of font info for 58 fonts, out of 8000000 for 9000
 0 hyphenation exceptions out of 8191
 79i,11n,104p,495b,1527s stack positions out of 5000i,500n,10000p,200000b,80000s
{/Users/deletosh/Library/Application Support/MiKTeX/texmfs/install/fonts/enc/
dvips/fontawesome5/fa5free1.enc} </Users/deletosh/Library/Application Support/M
iKTeX/texmfs/data/fonts/pk/ljfour/jknappen/ec/dpi600/tcrm1200.pk></Users/deleto
sh/Library/Application Support/MiKTeX/texmfs/install/fonts/type1/public/fontawe
some5/FontAwesome5Free-Solid.pfb></Users/deletosh/Library/Application Support/M
iKTeX/texmfs/install/fonts/type1/public/amsfonts/cm/cmbx12.pfb></Users/deletosh
/Library/Application Support/MiKTeX/texmfs/install/fonts/type1/public/amsfonts/
cm/cmr12.pfb></Users/deletosh/Library/Application Support/MiKTeX/texmfs/install
/fonts/type1/public/amsfonts/cm/cmr17.pfb></Users/deletosh/Library/Application 
Support/MiKTeX/texmfs/install/fonts/type1/public/amsfonts/cm/cmsy10.pfb></Users
/deletosh/Library/Application Support/MiKTeX/texmfs/install/fonts/type1/public/
amsfonts/cm/cmtt12.pfb>
Output written on /Users/deletosh/@Projects/book-ITConsultantHandbook/out/main.
pdf (15 pages, 312559 bytes).
PDF statistics:
 255 PDF objects out of 1000 (max. 8388607)
 69 named destinations out of 1000 (max. 500000)
 144 words of extra memory for PDF output out of 10000 (max. 10000000)

